GAS LISTING print.s 			page 1


   1              	/*
   2              	  print.s: Prints a string on standar output.
   3              	
   4              	  Copyright (c) 2016 Walter Fetter Lages <w.fetter@ieee.org>
   5              	
   6              	    This program is free software; you can redistribute it and/or modify
   7              	    it under the terms of the GNU General Public License as published by
   8              	    the Free Software Foundation; either version 2 of the License, or
   9              	    (at your option) any later version.
  10              	
  11              	    This program is distributed in the hope that it will be useful,
  12              	    but WITHOUT ANY WARRANTY; without even the implied warranty of
  13              	    MERCHANTABILITY or FITNESS FOR A PARTICULAR PURPOSE.  See the
  14              	    GNU General Public License for more details.
  15              	
  16              	    You should have received a copy of the GNU General Public License
  17              	    along with this program; if not, write to the Free Software
  18              	    Foundation, Inc., 675 Mass Ave, Cambridge, MA 02139, USA.
  19              	
  20              	    You can also obtain a copy of the GNU General Public License
  21              	    at <http://www.gnu.org/licenses>.
  22              	*/
  23              	
  24              		.intel_syntax noprefix
  25              	
  26              		.text
  27              	    	.global print
  28              	
  29              	
  30              	print:
  31              	# parameters:
  32              	#	pointer to message to write
  33              	#	message length
  34              	
  35 0000 55       		push	ebp
  36 0001 89E5     		mov	ebp,esp
  37 0003 53       		push	ebx
  38              	
  39 0004 8B4D08   		mov	ecx,[ebp+8]	# pointer to message to write
  40 0007 8B550C   		mov	edx,[ebp+12]	# message length
  41              	
  42 000a BB010000 		mov	ebx,1		# file handle (stdout)
  42      00
  43 000f B8040000 		mov	eax,4		# system call number (sys_write)
  43      00
  44 0014 CD80     		int	0x80		# call kernel
  45              	
  46 0016 5B       		pop	ebx
  47 0017 5D       		pop	ebp
  48 0018 C3       		ret
GAS LISTING print.s 			page 2


DEFINED SYMBOLS
             print.s:30     .text:0000000000000000 print

NO UNDEFINED SYMBOLS
