GAS LISTING asmops.s 			page 1


   1              	/*
   2              	  asmops.s: sum and difference in Assembly.
   3              	  
   4              	  Copyright (c) 2016 Walter Fetter Lages <w.fetter@ieee.org>
   5              	
   6              	    This program is free software; you can redistribute it and/or modify
   7              	    it under the terms of the GNU General Public License as published by
   8              	    the Free Software Foundation; either version 2 of the License, or
   9              	    (at your option) any later version.
  10              	
  11              	    This program is distributed in the hope that it will be useful,
  12              	    but WITHOUT ANY WARRANTY; without even the implied warranty of
  13              	    MERCHANTABILITY or FITNESS FOR A PARTICULAR PURPOSE.  See the
  14              	    GNU General Public License for more details.
  15              	
  16              	    You should have received a copy of the GNU General Public License
  17              	    along with this program; if not, write to the Free Software
  18              	    Foundation, Inc., 675 Mass Ave, Cambridge, MA 02139, USA.
  19              	
  20              	   You can also obtain a copy of the GNU General Public License
  21              	    at <http://www.gnu.org/licenses>.
  22              	*/
  23              	
  24              		.intel_syntax noprefix
  25              	
  26              		.text
  27              		
  28              		.global	sum
  29              		.global	diff
  30              		.global printt
  31              	
  32              	# int sum(int a,int b)
  33              	sum:
  34 0000 55       		push	ebp
  35 0001 89E5     		mov	ebp,esp
  36              	
  37 0003 8B4508   		mov	eax,[ebp+8]	# a
  38 0006 03450C   		add	eax,[ebp+12]	# b
  39              	
  40 0009 5D       		pop	ebp
  41 000a C3       		ret
  42              	
  43              	# int diff(int &a,int &b)
  44              	diff:
  45 000b 55       		push	ebp
  46 000c 89E5     		mov	ebp,esp
  47 000e 53       		push	ebx
  48              	
  49 000f 8B5D08   		mov	ebx,[ebp+8]	# &a
  50 0012 8B03     		mov	eax,[ebx]	# a
  51 0014 8B5D0C   		mov	ebx,[ebp+12]	# &b
  52 0017 2B03     		sub	eax,[ebx]	# b
  53              	
  54 0019 5B       		pop	ebx
  55 001a 5D       		pop	ebp
  56 001b C3       		ret
  57              		
GAS LISTING asmops.s 			page 2


  58              	##troca pra maiuscula e printa e tem dois parametros q eh o ponteiro char e o tamanho
  59              	printt:
  60 001c 55       		push	ebp
  61 001d 89E5     		mov	ebp,esp
  62 001f 53       		push	ebx
  63              	
  64 0020 8B4D08   		mov	ecx,[ebp+8]	# pointer to message to write
  65 0023 8B550C   		mov	edx,[ebp+12]	# message length
  66              		
  67              	loop:	
  68 0026 8B0411   		mov     eax, [ecx+edx]
  69 0029 66BBDF00 		mov 	bx, 0xdf
  70 002d 20D8     		and 	al,bl
  71 002f 890411   		mov 	[ecx+edx],eax
  72 0032 4A       		dec 	edx
  73 0033 83FA00   		cmp     edx,0x00 
  74 0036 7DEE     		jge	loop
  75              		
  76 0038 8B550C   		mov 	edx,[ebp+12]
  77              	
  78 003b BB010000 		mov	ebx,1		# file handle (stdout)
  78      00
  79 0040 B8040000 		mov	eax,4		# system call number (sys_write)
  79      00
  80 0045 CD80     		int	0x80		# call kernel
  81              	
  82 0047 5B       		pop	ebx
  83 0048 5D       		pop	ebp
  84 0049 C3       		ret
  85              	
GAS LISTING asmops.s 			page 3


DEFINED SYMBOLS
            asmops.s:33     .text:0000000000000000 sum
            asmops.s:44     .text:000000000000000b diff
            asmops.s:59     .text:000000000000001c printt
            asmops.s:67     .text:0000000000000026 loop

NO UNDEFINED SYMBOLS
